<?xml version="1.0" encoding="UTF-8"?>
<testng-results ignored="0" total="1" passed="1" failed="0" skipped="0">
  <reporter-output>
  </reporter-output>
  <suite started-at="2025-07-04T14:36:15 GMT-04:00" name="Default suite" finished-at="2025-07-04T14:36:26 GMT-04:00" duration-ms="11374">
    <groups>
    </groups>
    <test started-at="2025-07-04T14:36:15 GMT-04:00" name="Default test" finished-at="2025-07-04T14:36:26 GMT-04:00" duration-ms="11374">
      <class name="pcori">
        <test-method signature="main()[pri:0, instance:pcori@3d285d7e]" started-at="2025-07-04T14:36:15 GMT-04:00" name="main" finished-at="2025-07-04T14:36:26 GMT-04:00" duration-ms="11269" status="PASS">
          <reporter-output>
          </reporter-output>
        </test-method> <!-- main -->
      </class> <!-- pcori -->
    </test> <!-- Default test -->
  </suite> <!-- Default suite -->
</testng-results>
